
16-12-2015 03:20:13 : ::1 is connected to cinema@localhost
16-12-2015 03:20:52 : ::1 is connected to cinema@localhost
16-12-2015 03:21:37 : ::1 is connected to cinema@localhost
16-12-2015 03:21:54 : ::1 is connected to cinema@localhost
16-12-2015 03:25:28 : ::1 is connected to cinema@localhost
16-12-2015 03:26:26 : ::1 is connected to cinema@localhost
16-12-2015 03:27:38 : ::1 is connected to cinema@localhost
18-12-2015 12:47:50 : ::1 is connected to cinema@localhost
18-12-2015 12:48:14 : ::1 is connected to cinema@localhost
18-12-2015 12:48:37 : ::1 is connected to cinema@localhost
18-12-2015 12:48:37 : ::1 executed : alter table abonnements add toto varchar 255
18-12-2015 12:49:03 : ::1 is connected to cinema@localhost
18-12-2015 12:49:03 : ::1 executed : alter table 'abonnements' add 'toto' 'varchar 255'
18-12-2015 12:49:04 : ::1 is connected to cinema@localhost
18-12-2015 12:49:04 : ::1 executed : alter table 'abonnements' add 'toto' 'varchar 255'
18-12-2015 12:49:04 : ::1 is connected to cinema@localhost
18-12-2015 12:49:04 : ::1 executed : alter table 'abonnements' add 'toto' 'varchar 255'
18-12-2015 12:49:28 : ::1 is connected to cinema@localhost
18-12-2015 12:49:28 : ::1 executed : alter table 'abonnements' add 'toto' 'varchar'
18-12-2015 12:49:40 : ::1 is connected to cinema@localhost
18-12-2015 12:49:40 : ::1 executed : alter table 'abonnements' add 'toto' 'int'
18-12-2015 12:49:41 : ::1 is connected to cinema@localhost
18-12-2015 12:49:41 : ::1 executed : alter table 'abonnements' add 'toto' 'int'
18-12-2015 12:49:59 : ::1 is connected to cinema@localhost
18-12-2015 12:49:59 : ::1 executed : alter table 'abonnements' add 'toto' 'int'
18-12-2015 12:53:49 : ::1 is connected to cinema@localhost
18-12-2015 12:53:49 : ::1 executed : alter table 'abonnements' add 'toto' VARCHAR(255)
18-12-2015 12:54:15 : ::1 is connected to cinema@localhost
18-12-2015 12:54:15 : ::1 executed : alter table `abonnements` add `toto` VARCHAR(255)
18-12-2015 12:55:03 : ::1 is connected to cinema@localhost
18-12-2015 12:55:24 : ::1 is connected to cinema@localhost
18-12-2015 12:55:24 : ::1 executed : alter table `abonnements` add `toto` VARCHAR(255)
18-12-2015 12:55:51 : ::1 is connected to cinema@localhost
18-12-2015 12:55:51 : ::1 executed : alter table `abonnements` add `toto` VARCHAR(255)
18-12-2015 12:55:52 : ::1 is connected to cinema@localhost
18-12-2015 12:55:52 : ::1 executed : alter table `abonnements` add `toto` VARCHAR(255)
18-12-2015 12:58:57 : ::1 is connected to cinema@localhost
18-12-2015 12:58:57 : ::1 executed : alter table `abonnements` add `toto` VARCHAR(255)
18-12-2015 13:13:20 : ::1 is connected to cinema@localhost
18-12-2015 13:13:20 : ::1 executed : alter table abonnements drop column toto
18-12-2015 13:14:51 : ::1 is connected to cinema@localhost
18-12-2015 13:15:37 : ::1 is connected to cinema@localhost
18-12-2015 13:15:38 : ::1 is connected to cinema@localhost
18-12-2015 13:15:49 : ::1 is connected to cinema@localhost
18-12-2015 13:20:55 : ::1 is connected to cinema@localhost
18-12-2015 13:28:59 : ::1 is connected to cinema@localhost
18-12-2015 13:29:09 : ::1 is connected to cinema@localhost
18-12-2015 15:51:25 : ::1 is connected to cinema@localhost
18-12-2015 15:51:55 : ::1 is connected to cinema@localhost
18-12-2015 15:51:55 : ::1 executed : SELECT DISTINCT TABLE_NAME FROM INFORMATION_SCHEMA.TABLES WHERE TABLE_TYPE = 'BASE TABLE' AND TABLE_SCHEMA = cinema
18-12-2015 15:52:02 : ::1 is connected to cinema@localhost
18-12-2015 15:52:02 : ::1 executed : SELECT TABLE_NAME FROM INFORMATION_SCHEMA.TABLES WHERE TABLE_TYPE = 'BASE TABLE' AND TABLE_SCHEMA = cinema
18-12-2015 15:52:03 : ::1 is connected to cinema@localhost
18-12-2015 15:52:03 : ::1 executed : SELECT TABLE_NAME FROM INFORMATION_SCHEMA.TABLES WHERE TABLE_TYPE = 'BASE TABLE' AND TABLE_SCHEMA = cinema
18-12-2015 15:52:25 : ::1 is connected to cinema@localhost
18-12-2015 15:52:25 : ::1 executed : SELECT TABLE_NAME FROM INFORMATION_SCHEMA.TABLES WHERE TABLE_TYPE = 'BASE TABLE' AND TABLE_SCHEMA = `cinema`
18-12-2015 15:52:25 : ::1 is connected to cinema@localhost
18-12-2015 15:52:25 : ::1 executed : SELECT TABLE_NAME FROM INFORMATION_SCHEMA.TABLES WHERE TABLE_TYPE = 'BASE TABLE' AND TABLE_SCHEMA = `cinema`
18-12-2015 15:52:36 : ::1 is connected to cinema@localhost
18-12-2015 15:52:36 : ::1 executed : SELECT TABLE_NAME FROM INFORMATION_SCHEMA.TABLES WHERE TABLE_TYPE = 'BASE TABLE' AND TABLE_SCHEMA = `cinema`
18-12-2015 15:56:33 : ::1 is connected to cinema@localhost
18-12-2015 15:56:33 : ::1 executed : SHOW TABLES
18-12-2015 15:56:45 : ::1 is connected to cinema@localhost
18-12-2015 15:56:45 : ::1 executed : SHOW TABLES
18-12-2015 15:56:46 : ::1 is connected to cinema@localhost
18-12-2015 15:56:46 : ::1 executed : SHOW TABLES
18-12-2015 15:56:58 : ::1 is connected to cinema@localhost
18-12-2015 15:56:58 : ::1 executed : SHOW TABLES
18-12-2015 15:57:23 : ::1 is connected to @localhost
18-12-2015 15:57:36 : ::1 is connected to cinema@localhost
18-12-2015 15:57:36 : ::1 executed : SHOW TABLES
18-12-2015 15:58:45 : ::1 is connected to cinema@localhost
18-12-2015 15:58:45 : ::1 executed : SHOW TABLES
18-12-2015 15:58:46 : ::1 is connected to cinema@localhost
18-12-2015 15:58:46 : ::1 executed : SHOW TABLES
18-12-2015 15:58:57 : ::1 is connected to cinema@localhost
18-12-2015 15:58:57 : ::1 executed : SHOW TABLES
18-12-2015 15:58:57 : ::1 is connected to cinema@localhost
18-12-2015 15:58:57 : ::1 executed : SHOW TABLES
18-12-2015 16:00:17 : ::1 is connected to cinema@localhost
18-12-2015 16:00:17 : ::1 executed : SHOW TABLES
18-12-2015 16:00:17 : ::1 is connected to ass-mat@localhost
18-12-2015 16:00:17 : ::1 executed : SHOW TABLES
18-12-2015 16:00:26 : ::1 is connected to ass-mat@localhost
18-12-2015 16:00:26 : ::1 executed : SHOW TABLES
10-02-2016 02:35:17 : ::1 is connected to ass-mat@localhost
10-02-2016 02:35:17 : ::1 executed : SHOW TABLES
10-02-2016 02:55:31 : ::1 is connected to ass-mat@localhost
10-02-2016 02:55:31 : ::1 executed : SHOW TABLES
10-02-2016 02:55:31 : ::1 executed : SHOW TABLES
10-02-2016 02:56:23 : ::1 is connected to ass-mat@localhost
10-02-2016 02:56:23 : ::1 executed : SHOW TABLES
10-02-2016 03:00:44 : ::1 is connected to ass-mat@localhost
10-02-2016 03:00:44 : ::1 executed : SHOW TABLES
10-02-2016 03:06:34 : ::1 is connected to ass-mat@localhost
10-02-2016 03:06:34 : ::1 executed : SHOW TABLES
10-02-2016 03:07:20 : ::1 is connected to ass-mat@localhost
10-02-2016 03:07:20 : ::1 executed : SHOW TABLES
10-02-2016 03:12:47 : ::1 is connected to ass-mat@localhost
10-02-2016 03:12:47 : ::1 executed : SHOW TABLES
10-02-2016 03:13:11 : ::1 is connected to ass-mat@localhost
10-02-2016 03:13:11 : ::1 executed : select * from information_schema.tables
10-02-2016 03:29:48 : ::1 is connected to ass-mat@localhost
10-02-2016 03:29:48 : ::1 executed : select * from information_schema.tables
10-02-2016 03:29:48 : ::1 executed : SELECT table_name FROM information_schema.tables WHERE table_type = 'base table' AND table_schema='ass-mat' AND table_name = 'user'
10-02-2016 03:31:19 : ::1 is connected to ass-mat@localhost
10-02-2016 03:31:19 : ::1 executed : SHOW TABLES
10-02-2016 03:31:19 : ::1 executed : SELECT table_name FROM information_schema.tables WHERE table_type = 'base table'
                  AND table_schema='ass-mat' AND table_name = 'user'
10-02-2016 03:33:01 : ::1 is connected to ass-mat@localhost
10-02-2016 03:33:01 : ::1 executed : SHOW TABLES
10-02-2016 03:33:01 : ::1 executed : SELECT table_name FROM information_schema.tables WHERE table_type = 'base table'
                  AND table_schema='ass-mat' AND table_name = 'user'
10-02-2016 03:34:11 : ::1 is connected to ass-mat@localhost
10-02-2016 03:34:11 : ::1 executed : SHOW TABLES
10-02-2016 03:34:16 : ::1 is connected to ass-mat@localhost
10-02-2016 03:34:16 : ::1 executed : SHOW TABLES
10-02-2016 03:34:16 : ::1 executed : SELECT table_name FROM information_schema.tables WHERE table_type = 'base table'
                  AND table_schema='ass-mat' AND table_name = 'user'
10-02-2016 03:34:54 : ::1 is connected to ass-mat@localhost
10-02-2016 03:34:54 : ::1 executed : SHOW TABLES
10-02-2016 03:34:54 : ::1 executed : SELECT table_name FROM information_schema.tables WHERE table_type = 'base table'
                  AND table_schema='ass-mat' AND table_name = 'user'
10-02-2016 03:40:54 : ::1 is connected to ass-mat@localhost
10-02-2016 03:40:54 : ::1 executed : SHOW TABLES
10-02-2016 03:40:54 : ::1 executed : SELECT table_name FROM information_schema.tables WHERE table_type = 'base table'
                  AND table_schema='ass-mat' AND table_name = 'user'
10-02-2016 03:41:51 : ::1 is connected to ass-mat@localhost
10-02-2016 03:41:51 : ::1 executed : SHOW TABLES
10-02-2016 03:41:51 : ::1 executed : SELECT table_name FROM information_schema.tables WHERE table_type = 'base table'
                  AND table_schema='ass-mat' AND table_name = 'user'
10-02-2016 03:42:08 : ::1 is connected to ass-mat@localhost
10-02-2016 03:42:08 : ::1 executed : SHOW TABLES
10-02-2016 03:42:08 : ::1 executed : SELECT table_name FROM information_schema.tables WHERE table_type = 'base table'
                  AND table_schema='ass-mat' AND table_name = 'user'
10-02-2016 03:44:35 : ::1 is connected to ass-mat@localhost
10-02-2016 03:44:35 : ::1 executed : SHOW TABLES
10-02-2016 03:44:35 : ::1 executed : SELECT table_name FROM information_schema.tables WHERE table_type = 'base table'
                  AND table_schema='ass-mat' AND table_name = 'user'
10-02-2016 03:44:47 : ::1 is connected to ass-mat@localhost
10-02-2016 03:44:47 : ::1 executed : SHOW TABLES
10-02-2016 03:44:47 : ::1 executed : SELECT table_name FROM information_schema.tables WHERE table_type = 'base table'
                  AND table_schema='ass-mat' AND table_name = 'user'
10-02-2016 03:46:39 : ::1 is connected to ass-mat@localhost
10-02-2016 03:46:39 : ::1 executed : SHOW TABLES
10-02-2016 03:46:39 : ::1 executed : SELECT table_name FROM information_schema.tables WHERE table_type = 'base table'
                  AND table_schema='ass-mat' AND table_name = 'user'
10-02-2016 03:46:40 : ::1 is connected to ass-mat@localhost
10-02-2016 03:46:40 : ::1 executed : SHOW TABLES
10-02-2016 03:46:40 : ::1 executed : SELECT table_name FROM information_schema.tables WHERE table_type = 'base table'
                  AND table_schema='ass-mat' AND table_name = 'user'
10-02-2016 03:46:54 : ::1 is connected to ass-mat@localhost
10-02-2016 03:46:54 : ::1 executed : SHOW TABLES
10-02-2016 03:46:54 : ::1 executed : SELECT table_name FROM information_schema.tables WHERE table_type = 'base table'
                  AND table_schema='ass-mat' AND table_name = 'user'
10-02-2016 03:46:55 : ::1 is connected to ass-mat@localhost
10-02-2016 03:46:55 : ::1 executed : SHOW TABLES
10-02-2016 03:46:55 : ::1 executed : SELECT table_name FROM information_schema.tables WHERE table_type = 'base table'
                  AND table_schema='ass-mat' AND table_name = 'user'
10-02-2016 03:47:05 : ::1 is connected to ass-mat@localhost
10-02-2016 03:47:05 : ::1 executed : SHOW TABLES
10-02-2016 03:47:05 : ::1 executed : SELECT table_name FROM information_schema.tables WHERE table_type = 'base table'
                  AND table_schema='ass-mat' AND table_name = 'user'
10-02-2016 03:47:21 : ::1 is connected to ass-mat@localhost
10-02-2016 03:47:21 : ::1 executed : SHOW TABLES
10-02-2016 03:47:21 : ::1 executed : SELECT table_name FROM information_schema.tables WHERE table_type = 'base table'
                  AND table_schema='ass-mat' AND table_name = 'user'
10-02-2016 03:47:22 : ::1 is connected to ass-mat@localhost
10-02-2016 03:47:22 : ::1 executed : SHOW TABLES
10-02-2016 03:47:22 : ::1 executed : SELECT table_name FROM information_schema.tables WHERE table_type = 'base table'
                  AND table_schema='ass-mat' AND table_name = 'user'
10-02-2016 03:47:31 : ::1 is connected to ass-mat@localhost
10-02-2016 03:47:31 : ::1 executed : SHOW TABLES
10-02-2016 03:47:31 : ::1 executed : SELECT table_name FROM information_schema.tables WHERE table_type = 'base table'
                  AND table_schema='ass-mat' AND table_name = 'user'
10-02-2016 03:47:53 : ::1 is connected to ass-mat@localhost
10-02-2016 03:47:53 : ::1 executed : SHOW TABLES
10-02-2016 03:47:53 : ::1 executed : SELECT table_name FROM information_schema.tables WHERE table_type = 'base table'
                  AND table_schema='ass-mat' AND table_name = 'user'
10-02-2016 03:48:33 : ::1 is connected to ass-mat@localhost
10-02-2016 03:48:33 : ::1 executed : SHOW TABLES
10-02-2016 03:48:33 : ::1 executed : SELECT table_name FROM information_schema.tables WHERE table_type = 'base table'
                  AND table_schema='ass-mat' AND table_name = 'user'
10-02-2016 03:48:47 : ::1 is connected to ass-mat@localhost
10-02-2016 03:48:47 : ::1 executed : SHOW TABLES
10-02-2016 03:48:47 : ::1 executed : SELECT table_name FROM information_schema.tables WHERE table_type = 'base table'
                  AND table_schema='ass-mat' AND table_name = 'user'
10-02-2016 03:49:44 : ::1 is connected to ass-mat@localhost
10-02-2016 03:49:44 : ::1 executed : SHOW TABLES
10-02-2016 03:49:44 : ::1 executed : SELECT table_name FROM information_schema.tables WHERE table_type = 'base table'
                  AND table_schema='ass-mat' AND table_name = 'user'
10-02-2016 03:52:34 : ::1 is connected to ass-mat@localhost
10-02-2016 03:52:34 : ::1 executed : SHOW TABLES
10-02-2016 03:52:34 : ::1 executed : SELECT table_name FROM information_schema.tables WHERE table_type = 'base table'
                  AND table_schema='ass-mat' AND table_name = 'user'
10-02-2016 03:52:59 : ::1 is connected to ass-mat@localhost
10-02-2016 03:52:59 : ::1 executed : SHOW TABLES
10-02-2016 03:52:59 : ::1 executed : SELECT table_name FROM information_schema.tables WHERE table_type = 'base table'
                  AND table_schema='ass-mat' AND table_name = 'user'
10-02-2016 03:53:00 : ::1 is connected to ass-mat@localhost
10-02-2016 03:53:00 : ::1 executed : SHOW TABLES
10-02-2016 03:53:00 : ::1 executed : SELECT table_name FROM information_schema.tables WHERE table_type = 'base table'
                  AND table_schema='ass-mat' AND table_name = 'user'
10-02-2016 03:53:22 : ::1 is connected to ass-mat@localhost
10-02-2016 03:53:22 : ::1 executed : SHOW TABLES
10-02-2016 03:53:22 : ::1 executed : SELECT table_name FROM information_schema.tables WHERE table_type = 'base table'
                  AND table_schema='ass-mat' AND table_name = 'user'
10-02-2016 03:53:40 : ::1 is connected to ass-mat@localhost
10-02-2016 03:53:40 : ::1 executed : SHOW TABLES
10-02-2016 03:53:40 : ::1 executed : SELECT table_name FROM information_schema.tables WHERE table_type = 'base table'
                  AND table_schema='ass-mat' AND table_name = 'user'
10-02-2016 03:54:08 : ::1 is connected to ass-mat@localhost
10-02-2016 03:54:08 : ::1 executed : SHOW TABLES
10-02-2016 03:54:08 : ::1 executed : SELECT table_name FROM information_schema.tables WHERE table_type = 'base table'
                  AND table_schema='ass-mat' AND table_name = 'user'
10-02-2016 03:54:30 : ::1 is connected to ass-mat@localhost
10-02-2016 03:54:30 : ::1 executed : SHOW TABLES
10-02-2016 03:54:30 : ::1 executed : SELECT table_name FROM information_schema.tables WHERE table_type = 'base table'
                  AND table_schema='ass-mat' AND table_name = 'user'
10-02-2016 03:55:11 : ::1 is connected to ass-mat@localhost
10-02-2016 03:55:11 : ::1 executed : SHOW TABLES
10-02-2016 03:55:11 : ::1 executed : SELECT table_name FROM information_schema.tables WHERE table_type = 'base table'
                  AND table_schema='ass-mat' AND table_name = 'user'
10-02-2016 03:55:11 : ::1 is connected to ass-mat@localhost
10-02-2016 03:55:11 : ::1 executed : SHOW TABLES
10-02-2016 03:55:11 : ::1 executed : SELECT table_name FROM information_schema.tables WHERE table_type = 'base table'
                  AND table_schema='ass-mat' AND table_name = 'user'
10-02-2016 03:55:59 : ::1 is connected to ass-mat@localhost
10-02-2016 03:55:59 : ::1 executed : SHOW TABLES
10-02-2016 03:55:59 : ::1 executed : SELECT table_name FROM information_schema.tables WHERE table_type = 'base table'
                  AND table_schema='ass-mat' AND table_name = 'user'
10-02-2016 03:56:13 : ::1 is connected to ass-mat@localhost
10-02-2016 03:56:13 : ::1 executed : SHOW TABLES
10-02-2016 03:56:13 : ::1 executed : SELECT table_name FROM information_schema.tables WHERE table_type = 'base table'
                  AND table_schema='ass-mat' AND table_name = 'user'
10-02-2016 04:00:24 : ::1 is connected to ass-mat@localhost
10-02-2016 04:00:24 : ::1 executed : SHOW TABLES
10-02-2016 04:00:24 : ::1 executed : SELECT table_name FROM information_schema.tables WHERE table_type = 'base table'
                  AND table_schema='ass-mat' AND table_name = 'user'
10-02-2016 04:00:50 : ::1 is connected to ass-mat@localhost
10-02-2016 04:00:50 : ::1 executed : SHOW TABLES
10-02-2016 04:00:50 : ::1 executed : SELECT table_name FROM information_schema.tables WHERE table_type = 'base table'
                  AND table_schema='ass-mat' AND table_name = 'user'
10-02-2016 04:01:15 : ::1 is connected to ass-mat@localhost
10-02-2016 04:01:15 : ::1 executed : SHOW TABLES
10-02-2016 04:01:15 : ::1 executed : SELECT table_name FROM information_schema.tables WHERE table_type = 'base table'
                  AND table_schema='ass-mat' AND table_name = 'user'
10-02-2016 04:01:36 : ::1 is connected to ass-mat@localhost
10-02-2016 04:01:36 : ::1 executed : SHOW TABLES
10-02-2016 04:01:36 : ::1 executed : SELECT table_name FROM information_schema.tables WHERE table_type = 'base table'
                  AND table_schema='ass-mat' AND table_name = 'user'
10-02-2016 04:02:08 : ::1 is connected to ass-mat@localhost
10-02-2016 04:02:08 : ::1 executed : SHOW TABLES
10-02-2016 04:02:08 : ::1 executed : SELECT table_name FROM information_schema.tables WHERE table_type = 'base table'
                  AND table_schema='ass-mat' AND table_name = 'user'
10-02-2016 04:02:39 : ::1 is connected to ass-mat@localhost
10-02-2016 04:02:39 : ::1 executed : SHOW TABLES
10-02-2016 04:02:39 : ::1 executed : SELECT table_name FROM information_schema.tables WHERE table_type = 'base table'
                  AND table_schema='ass-mat' AND table_name = 'user'
10-02-2016 04:03:10 : ::1 is connected to ass-mat@localhost
10-02-2016 04:03:10 : ::1 executed : SHOW TABLES
10-02-2016 04:03:10 : ::1 executed : SELECT table_name FROM information_schema.tables WHERE table_type = 'base table'
                  AND table_schema='ass-mat' AND table_name = 'user'
10-02-2016 04:03:20 : ::1 is connected to ass-mat@localhost
10-02-2016 04:03:20 : ::1 executed : SHOW TABLES
10-02-2016 04:03:20 : ::1 executed : SELECT table_name FROM information_schema.tables WHERE table_type = 'base table'
                  AND table_schema='ass-mat' AND table_name = 'user'
10-02-2016 04:04:00 : ::1 is connected to ass-mat@localhost
10-02-2016 04:04:00 : ::1 executed : SHOW TABLES
10-02-2016 04:04:00 : ::1 executed : SELECT table_name FROM information_schema.tables WHERE table_type = 'base table'
                  AND table_schema='ass-mat' AND table_name = 'user'
10-02-2016 04:04:42 : ::1 is connected to ass-mat@localhost
10-02-2016 04:04:42 : ::1 executed : SHOW TABLES
10-02-2016 04:04:42 : ::1 executed : SELECT table_name FROM information_schema.tables WHERE table_type = 'base table'
                  AND table_schema='ass-mat' AND table_name = 'user'
10-02-2016 04:04:43 : ::1 is connected to ass-mat@localhost
10-02-2016 04:04:43 : ::1 executed : SHOW TABLES
10-02-2016 04:04:43 : ::1 executed : SELECT table_name FROM information_schema.tables WHERE table_type = 'base table'
                  AND table_schema='ass-mat' AND table_name = 'user'
10-02-2016 04:05:02 : ::1 is connected to ass-mat@localhost
10-02-2016 04:05:02 : ::1 executed : SHOW TABLES
10-02-2016 04:05:02 : ::1 executed : SELECT table_name FROM information_schema.tables WHERE table_type = 'base table'
                  AND table_schema='ass-mat' AND table_name = 'user'
10-02-2016 04:06:30 : ::1 is connected to ass-mat@localhost
10-02-2016 04:06:30 : ::1 executed : SHOW TABLES
10-02-2016 04:06:30 : ::1 executed : SELECT table_name FROM information_schema.tables WHERE table_type = 'base table'
                  AND table_schema='ass-mat' AND table_name = 'user'
10-02-2016 04:06:31 : ::1 is connected to ass-mat@localhost
10-02-2016 04:06:31 : ::1 executed : SHOW TABLES
10-02-2016 04:06:31 : ::1 executed : SELECT table_name FROM information_schema.tables WHERE table_type = 'base table'
                  AND table_schema='ass-mat' AND table_name = 'user'
10-02-2016 04:06:47 : ::1 is connected to ass-mat@localhost
10-02-2016 04:06:47 : ::1 executed : SHOW TABLES
10-02-2016 04:06:47 : ::1 executed : SELECT table_name FROM information_schema.tables WHERE table_type = 'base table'
                  AND table_schema='ass-mat' AND table_name = 'user'
10-02-2016 04:06:47 : ::1 is connected to ass-mat@localhost
10-02-2016 04:06:47 : ::1 executed : SHOW TABLES
10-02-2016 04:06:47 : ::1 executed : SELECT table_name FROM information_schema.tables WHERE table_type = 'base table'
                  AND table_schema='ass-mat' AND table_name = 'user'
10-02-2016 04:06:57 : ::1 is connected to ass-mat@localhost
10-02-2016 04:06:57 : ::1 executed : SHOW TABLES
10-02-2016 04:06:57 : ::1 executed : SELECT table_name FROM information_schema.tables WHERE table_type = 'base table'
                  AND table_schema='ass-mat' AND table_name = 'user'
10-02-2016 04:07:51 : ::1 is connected to ass-mat@localhost
10-02-2016 04:07:51 : ::1 executed : SHOW TABLES
10-02-2016 04:07:51 : ::1 executed : SELECT table_name FROM information_schema.tables WHERE table_type = 'base table'
                  AND table_schema='ass-mat' AND table_name = 'user'
10-02-2016 04:09:33 : ::1 is connected to ass-mat@localhost
10-02-2016 04:09:33 : ::1 executed : SHOW TABLES
10-02-2016 04:09:33 : ::1 executed : SELECT table_name FROM information_schema.tables WHERE table_type = 'base table'
                  AND table_schema='ass-mat' AND table_name = 'user'
10-02-2016 04:09:47 : ::1 is connected to ass-mat@localhost
10-02-2016 04:09:47 : ::1 executed : SHOW TABLES
10-02-2016 04:09:47 : ::1 executed : SELECT table_name FROM information_schema.tables WHERE table_type = 'base table'
                  AND table_schema='ass-mat' AND table_name = 'user'
10-02-2016 05:27:56 : ::1 is connected to ass-mat@localhost
10-02-2016 05:27:56 : ::1 executed : SHOW TABLES
10-02-2016 05:27:56 : ::1 executed : SELECT table_name FROM information_schema.tables WHERE table_type = 'base table'
                  AND table_schema='ass-mat' AND table_name = 'user'
10-02-2016 05:29:09 : ::1 is connected to ass-mat@localhost
10-02-2016 05:29:09 : ::1 executed : SHOW TABLES
10-02-2016 05:29:09 : ::1 executed : SELECT table_name FROM information_schema.tables WHERE table_type = 'base table'
                  AND table_schema='ass-mat' AND table_name = 'user'
10-02-2016 05:32:46 : ::1 is connected to ass-mat@localhost
10-02-2016 05:32:46 : ::1 executed : SHOW TABLES
10-02-2016 05:32:46 : ::1 executed : SELECT table_name FROM information_schema.tables WHERE table_type = 'base table'
                  AND table_schema='ass-mat' AND table_name = 'user'
10-02-2016 05:32:46 : ::1 executed : SHOW TABLES
10-02-2016 05:33:12 : ::1 is connected to ass-mat@localhost
10-02-2016 05:33:12 : ::1 executed : SHOW TABLES
10-02-2016 05:33:12 : ::1 executed : SELECT table_name FROM information_schema.tables WHERE table_type = 'base table'
                  AND table_schema='ass-mat' AND table_name = 'user'
10-02-2016 05:33:12 : ::1 executed : SELECT table_name FROM information_schema.tables WHERE table_type = 'base table'
                  AND table_schema='ass-mat' AND table_name = 'user'
10-02-2016 05:33:40 : ::1 is connected to ass-mat@localhost
10-02-2016 05:33:40 : ::1 executed : SHOW TABLES
10-02-2016 05:33:40 : ::1 executed : SELECT table_name FROM information_schema.tables WHERE table_type = 'base table'
                  AND table_schema='ass-mat' AND table_name = 'user'
10-02-2016 05:33:40 : ::1 executed : SELECT table_name FROM information_schema.tables WHERE table_type = 'base table'
                  AND table_schema='ass-mat' AND table_name = 'user'
10-02-2016 05:34:54 : ::1 is connected to ass-mat@localhost
10-02-2016 05:34:54 : ::1 executed : SHOW TABLES
10-02-2016 05:34:54 : ::1 executed : SELECT table_name FROM information_schema.tables WHERE table_type = 'base table'
                  AND table_schema='ass-mat' AND table_name = 'user'
10-02-2016 05:34:54 : ::1 executed : SELECT table_name FROM information_schema.tables WHERE table_type = 'base table'
                  AND table_schema='ass-mat' AND table_name = 'user'
10-02-2016 05:35:25 : ::1 is connected to ass-mat@localhost
10-02-2016 05:35:25 : ::1 executed : SHOW TABLES
10-02-2016 05:35:25 : ::1 executed : SELECT table_name FROM information_schema.tables WHERE table_type = 'base table'
                  AND table_schema='ass-mat' AND table_name = 'user'
10-02-2016 05:35:25 : ::1 executed : SELECT table_name FROM information_schema.tables WHERE table_type = 'base table'
                  AND table_schema='ass-mat' AND table_name = 'user'
10-02-2016 05:41:58 : ::1 is connected to ass-mat@localhost
10-02-2016 05:41:58 : ::1 executed : SHOW TABLES
10-02-2016 05:41:58 : ::1 executed : SELECT table_name FROM information_schema.tables WHERE table_type = 'base table'
                  AND table_schema='ass-mat' AND table_name = 'user'
10-02-2016 05:41:58 : ::1 executed : SELECT table_name FROM information_schema.tables WHERE table_type = 'base table'
                  AND table_schema='ass-mat' AND table_name = 'user'
10-02-2016 05:51:58 : ::1 is connected to ass-mat@localhost
10-02-2016 05:51:58 : ::1 executed : SHOW TABLES
10-02-2016 05:51:58 : ::1 executed : SELECT table_name FROM information_schema.tables WHERE table_type = 'base table'
                  AND table_schema='ass-mat' AND table_name = 'user'
10-02-2016 05:51:58 : ::1 executed : SELECT table_name FROM information_schema.tables WHERE table_type = 'base table'
                  AND table_schema='ass-mat' AND table_name = 'user'
10-02-2016 05:52:23 : ::1 is connected to ass-mat@localhost
10-02-2016 05:52:23 : ::1 executed : SHOW TABLES
10-02-2016 05:52:23 : ::1 executed : SELECT table_name FROM information_schema.tables WHERE table_type = 'base table'
                  AND table_schema='ass-mat' AND table_name = 'user'
10-02-2016 05:52:23 : ::1 executed : SELECT table_name FROM information_schema.tables WHERE table_type = 'base table'
                  AND table_schema='ass-mat' AND table_name = 'user'
10-02-2016 05:53:30 : ::1 is connected to ass-mat@localhost
10-02-2016 05:53:30 : ::1 executed : SHOW TABLES
10-02-2016 05:53:30 : ::1 executed : SELECT table_name FROM information_schema.tables WHERE table_type = 'base table'
                  AND table_schema='ass-mat' AND table_name = 'user'
10-02-2016 05:53:30 : ::1 executed : SELECT table_name FROM information_schema.tables WHERE table_type = 'base table'
                  AND table_schema='ass-mat' AND table_name = 'user'
10-02-2016 05:55:14 : ::1 is connected to ass-mat@localhost
10-02-2016 05:55:14 : ::1 executed : SHOW TABLES
10-02-2016 05:55:14 : ::1 executed : SELECT table_name FROM information_schema.tables WHERE table_type = 'base table'
                  AND table_schema='ass-mat' AND table_name = 'user'
10-02-2016 05:55:14 : ::1 executed : SELECT table_name FROM information_schema.tables WHERE table_type = 'base table'
                  AND table_schema='ass-mat' AND table_name = 'user'
10-02-2016 05:55:48 : ::1 is connected to ass-mat@localhost
10-02-2016 05:55:48 : ::1 executed : SHOW TABLES
10-02-2016 05:55:48 : ::1 executed : SELECT table_name FROM information_schema.tables WHERE table_type = 'base table'
                  AND table_schema='ass-mat' AND table_name = 'user'
10-02-2016 05:55:48 : ::1 executed : SELECT table_name FROM information_schema.tables WHERE table_type = 'base table'
                  AND table_schema='ass-mat' AND table_name = 'user'
10-02-2016 05:57:47 : ::1 is connected to ass-mat@localhost
10-02-2016 05:57:47 : ::1 executed : SHOW TABLES
10-02-2016 05:57:47 : ::1 executed : SELECT table_name FROM information_schema.tables WHERE table_type = 'base table'
                  AND table_schema='ass-mat' AND table_name = 'user'
10-02-2016 05:57:47 : ::1 executed : SELECT table_name FROM information_schema.tables WHERE table_type = 'base table'
                  AND table_schema='ass-mat' AND table_name = 'user'
10-02-2016 05:58:42 : ::1 is connected to ass-mat@localhost
10-02-2016 05:58:42 : ::1 executed : SHOW TABLES
10-02-2016 05:58:42 : ::1 executed : SELECT table_name FROM information_schema.tables WHERE table_type = 'base table'
                  AND table_schema='ass-mat' AND table_name = 'user'
10-02-2016 05:58:42 : ::1 executed : SELECT table_name FROM information_schema.tables WHERE table_type = 'base table'
                  AND table_schema='ass-mat' AND table_name = 'user'
10-02-2016 05:58:42 : ::1 executed : SELECT table_name FROM information_schema.tables WHERE table_type = 'base table'
                  AND table_schema='ass-mat' AND table_name = 'user'
10-02-2016 06:03:44 : ::1 is connected to ass-mat@localhost
10-02-2016 06:03:44 : ::1 executed : SHOW TABLES
10-02-2016 06:03:44 : ::1 executed : SELECT table_name FROM information_schema.tables WHERE table_type = 'base table'
                  AND table_schema='ass-mat' AND table_name = 'user'
10-02-2016 06:03:44 : ::1 executed : SELECT table_name FROM information_schema.tables WHERE table_type = 'base table'
                  AND table_schema='ass-mat' AND table_name = 'user'
10-02-2016 06:04:28 : ::1 is connected to ass-mat@localhost
10-02-2016 06:04:28 : ::1 executed : SHOW TABLES
10-02-2016 06:04:28 : ::1 executed : SELECT table_name FROM information_schema.tables WHERE table_type = 'base table'
                  AND table_schema='ass-mat' AND table_name = 'user'
10-02-2016 06:04:28 : ::1 executed : SELECT table_name FROM information_schema.tables WHERE table_type = 'base table'
                  AND table_schema='ass-mat' AND table_name = 'user'
10-02-2016 06:05:06 : ::1 is connected to ass-mat@localhost
10-02-2016 06:05:06 : ::1 executed : SHOW TABLES
10-02-2016 06:05:06 : ::1 executed : SELECT table_name FROM information_schema.tables WHERE table_type = 'base table'
                  AND table_schema='ass-mat' AND table_name = 'user'
10-02-2016 06:05:06 : ::1 executed : SELECT table_name FROM information_schema.tables WHERE table_type = 'base table'
                  AND table_schema='ass-mat' AND table_name = 'user'
10-02-2016 06:05:08 : ::1 is connected to ass-mat@localhost
10-02-2016 06:05:08 : ::1 executed : SHOW TABLES
10-02-2016 06:05:08 : ::1 executed : SELECT table_name FROM information_schema.tables WHERE table_type = 'base table'
                  AND table_schema='ass-mat' AND table_name = 'user'
10-02-2016 06:05:08 : ::1 executed : SELECT table_name FROM information_schema.tables WHERE table_type = 'base table'
                  AND table_schema='ass-mat' AND table_name = 'user'
10-02-2016 06:05:32 : ::1 is connected to ass-mat@localhost
10-02-2016 06:05:32 : ::1 executed : SHOW TABLES
10-02-2016 06:05:32 : ::1 executed : SELECT table_name FROM information_schema.tables WHERE table_type = 'base table'
                  AND table_schema='ass-mat' AND table_name = 'user'
10-02-2016 06:05:32 : ::1 executed : SELECT table_name FROM information_schema.tables WHERE table_type = 'base table'
                  AND table_schema='ass-mat' AND table_name = 'user'
10-02-2016 06:05:44 : ::1 is connected to ass-mat@localhost
10-02-2016 06:05:44 : ::1 executed : SHOW TABLES
10-02-2016 06:05:44 : ::1 executed : SELECT table_name FROM information_schema.tables WHERE table_type = 'base table'
                  AND table_schema='ass-mat' AND table_name = 'user'
10-02-2016 06:05:44 : ::1 executed : SELECT table_name FROM information_schema.tables WHERE table_type = 'base table'
                  AND table_schema='ass-mat' AND table_name = 'user'
10-02-2016 06:06:10 : ::1 is connected to ass-mat@localhost
10-02-2016 06:06:10 : ::1 executed : SHOW TABLES
10-02-2016 06:06:10 : ::1 executed : SELECT table_name FROM information_schema.tables WHERE table_type = 'base table'
                  AND table_schema='ass-mat' AND table_name = 'user'
10-02-2016 06:06:10 : ::1 executed : SELECT table_name FROM information_schema.tables WHERE table_type = 'base table'
                  AND table_schema='ass-mat' AND table_name = 'user'
10-02-2016 06:06:24 : ::1 is connected to ass-mat@localhost
10-02-2016 06:06:24 : ::1 executed : SHOW TABLES
10-02-2016 06:06:24 : ::1 executed : SELECT table_name FROM information_schema.tables WHERE table_type = 'base table'
                  AND table_schema='ass-mat' AND table_name = 'user'
10-02-2016 06:06:24 : ::1 executed : SELECT table_name FROM information_schema.tables WHERE table_type = 'base table'
                  AND table_schema='ass-mat' AND table_name = 'user'
10-02-2016 06:06:24 : ::1 executed : SELECT table_name FROM information_schema.tables WHERE table_type = 'base table'
                  AND table_schema='ass-mat' AND table_name = 'user'
10-02-2016 06:06:34 : ::1 is connected to ass-mat@localhost
10-02-2016 06:06:34 : ::1 executed : SHOW TABLES
10-02-2016 06:06:34 : ::1 executed : SELECT table_name FROM information_schema.tables WHERE table_type = 'base table'
                  AND table_schema='ass-mat' AND table_name = 'user'
10-02-2016 06:06:34 : ::1 executed : SELECT table_name FROM information_schema.tables WHERE table_type = 'base table'
                  AND table_schema='ass-mat' AND table_name = 'user'
10-02-2016 06:07:22 : ::1 is connected to ass-mat@localhost
10-02-2016 06:07:22 : ::1 executed : SHOW TABLES
10-02-2016 06:07:22 : ::1 executed : SELECT table_name FROM information_schema.tables WHERE table_type = 'base table'
                  AND table_schema='ass-mat' AND table_name = 'user'
10-02-2016 06:07:22 : ::1 executed : SELECT table_name FROM information_schema.tables WHERE table_type = 'base table'
                  AND table_schema='ass-mat' AND table_name = 'user'
10-02-2016 06:07:22 : ::1 executed : SELECT table_name FROM information_schema.tables WHERE table_type = 'base table'
                  AND table_schema='ass-mat' AND table_name = 'user'
10-02-2016 06:07:22 : ::1 executed : SELECT table_name FROM information_schema.tables WHERE table_type = 'base table'
                  AND table_schema='ass-mat' AND table_name = 'user'
10-02-2016 06:10:41 : ::1 is connected to ass-mat@localhost
10-02-2016 06:10:41 : ::1 executed : SHOW TABLES
10-02-2016 06:10:41 : ::1 executed : SELECT table_name FROM information_schema.tables WHERE table_type = 'base table'
                  AND table_schema='ass-mat' AND table_name = 'user'
10-02-2016 06:10:41 : ::1 executed :  UPDATE user SET user_name = 'polo'  where user_id = 1
10-02-2016 06:10:41 : ::1 executed : SELECT table_name FROM information_schema.tables WHERE table_type = 'base table'
                  AND table_schema='ass-mat' AND table_name = 'user'
10-02-2016 06:10:41 : ::1 executed :  INSERT INTO user (user_name, user_surname, user_password )  values ('pol', 'polo', 'toto' ) 
10-02-2016 06:10:41 : ::1 executed : SELECT table_name FROM information_schema.tables WHERE table_type = 'base table'
                  AND table_schema='ass-mat' AND table_name = 'user'
10-02-2016 06:10:41 : ::1 executed :  DELETE FROM user where user_name = 'pol'
10-02-2016 06:10:41 : ::1 executed : SELECT table_name FROM information_schema.tables WHERE table_type = 'base table'
                  AND table_schema='ass-mat' AND table_name = 'user'
10-02-2016 06:10:41 : ::1 executed : select user_name, user_id from user
10-02-2016 06:17:15 : ::1 is connected to ass-mat@localhost
10-02-2016 06:17:15 : ::1 executed : SHOW TABLES
10-02-2016 06:17:15 : ::1 executed : SELECT table_name FROM information_schema.tables WHERE table_type = 'base table'
                  AND table_schema='ass-mat' AND table_name = 'user'
10-02-2016 06:17:15 : ::1 executed :  UPDATE user SET user_name = 'polo'  where user_id = 1
10-02-2016 06:17:15 : ::1 executed : SELECT table_name FROM information_schema.tables WHERE table_type = 'base table'
                  AND table_schema='ass-mat' AND table_name = 'user'
10-02-2016 06:17:15 : ::1 executed :  INSERT INTO user (user_name, user_surname, user_password )  values ('pol', 'polo', 'toto' ) 
10-02-2016 06:17:15 : ::1 executed : SELECT table_name FROM information_schema.tables WHERE table_type = 'base table'
                  AND table_schema='ass-mat' AND table_name = 'user'
10-02-2016 06:17:15 : ::1 executed :  DELETE FROM user where user_name = 'pol'
10-02-2016 06:17:15 : ::1 executed : SELECT table_name FROM information_schema.tables WHERE table_type = 'base table'
                  AND table_schema='ass-mat' AND table_name = 'user'
10-02-2016 06:17:15 : ::1 executed : select user_name, user_id from user
10-02-2016 06:56:53 : ::1 is connected to ass-mat@localhost
10-02-2016 06:56:53 : ::1 executed : SHOW TABLES
10-02-2016 06:56:53 : ::1 executed : SELECT table_name FROM information_schema.tables WHERE table_type = 'base table'
                  AND table_schema='ass-mat' AND table_name = 'user'
10-02-2016 06:56:53 : ::1 executed :  UPDATE user SET user_name = 'polo'  where user_id = 1
10-02-2016 06:56:53 : ::1 executed : SELECT table_name FROM information_schema.tables WHERE table_type = 'base table'
                  AND table_schema='ass-mat' AND table_name = 'user'
10-02-2016 06:56:53 : ::1 executed :  INSERT INTO user (user_name, user_surname, user_password )  values ('pol', 'polo', 'toto' ) 
10-02-2016 06:56:53 : ::1 executed : SELECT table_name FROM information_schema.tables WHERE table_type = 'base table'
                  AND table_schema='ass-mat' AND table_name = 'user'
10-02-2016 06:56:53 : ::1 executed :  DELETE FROM user where user_name = 'pol'
10-02-2016 06:56:53 : ::1 executed : SELECT table_name FROM information_schema.tables WHERE table_type = 'base table'
                  AND table_schema='ass-mat' AND table_name = 'user'
10-02-2016 06:56:53 : ::1 executed : select user_name, user_id from user
10-02-2016 06:57:18 : ::1 is connected to ass-mat@localhost
10-02-2016 07:00:51 : UNKNOWN is connected to ass-mat@localhost
10-02-2016 07:01:37 : ::1 is connected to ass-mat@localhost
10-02-2016 07:02:11 : ::1 is connected to ass-mat@localhost
10-02-2016 07:02:41 : ::1 is connected to ass-mat@localhost
10-02-2016 07:18:05 : UNKNOWN is connected to ass-mat@localhost
10-02-2016 07:41:37 : ::1 is connected to ass-mat@localhost
10-02-2016 08:40:51 : UNKNOWN is connected to ass-mat@localhost
10-02-2016 08:42:03 : UNKNOWN is connected to ass-mat@localhost
10-02-2016 08:42:39 : UNKNOWN is connected to ass-mat@localhost
10-02-2016 08:49:37 : UNKNOWN is connected to ass-mat@localhost
10-02-2016 08:51:27 : UNKNOWN is connected to ass-mat@localhost
10-02-2016 08:51:27 : UNKNOWN executed : create table toto ( user_name varchar(255), user_age int)
10-02-2016 08:52:26 : UNKNOWN is connected to ass-mat@localhost
10-02-2016 08:57:17 : UNKNOWN is connected to ass-mat@localhost
10-02-2016 08:57:41 : UNKNOWN is connected to ass-mat@localhost
10-02-2016 08:57:41 : UNKNOWN executed : create table tata ( user_name varchar(255), user_age int)
10-02-2016 08:58:41 : UNKNOWN is connected to ass-mat@localhost
10-02-2016 08:58:41 : UNKNOWN executed : create table titi ( user_name varchar(255), user_age int)
10-02-2016 08:59:21 : UNKNOWN is connected to ass-mat@localhost
10-02-2016 08:59:21 : UNKNOWN executed : create table toutou ( user_name varchar(255), user_age int)
10-02-2016 09:00:24 : UNKNOWN is connected to ass-mat@localhost
10-02-2016 09:00:24 : UNKNOWN executed : create table lol ( user_name varchar(255), user_age int)
10-02-2016 09:00:51 : UNKNOWN is connected to ass-mat@localhost
10-02-2016 09:00:51 : UNKNOWN executed : create table loool ( user_name varchar(255), user_age int)
10-02-2016 09:01:11 : UNKNOWN is connected to ass-mat@localhost
10-02-2016 09:01:21 : UNKNOWN is connected to ass-mat@localhost
10-02-2016 09:01:21 : UNKNOWN executed : create table lool ( user_name varchar(255), user_age int)
10-02-2016 09:32:50 : UNKNOWN is connected to ass-mat@localhost
10-02-2016 09:32:50 : UNKNOWN executed : create table users ( user_name varchar(255), user_age int)
10-02-2016 09:33:10 : UNKNOWN is connected to ass-mat@localhost
10-02-2016 09:33:47 : UNKNOWN is connected to ass-mat@localhost
10-02-2016 09:33:47 : UNKNOWN created ass-mat@localhost and get connected to it
10-02-2016 09:33:47 : UNKNOWN executed : create table users ( user_name varchar(255), user_age int)
10-02-2016 09:40:09 : UNKNOWN is connected to ass-mat@localhost
10-02-2016 09:40:09 : UNKNOWN created ass-mat@localhost and get connected to it
10-02-2016 09:40:09 : UNKNOWN executed : create table users ( user_name varchar(255), user_age int)
10-02-2016 09:41:25 : UNKNOWN is connected to ass-mat@localhost
10-02-2016 09:41:25 : UNKNOWN created ass-mat@localhost and get connected to it
10-02-2016 09:41:25 : UNKNOWN executed : create table users ( user_name varchar(255), user_age int)
10-02-2016 09:44:14 : UNKNOWN is connected to ass-mat@localhost
10-02-2016 09:44:14 : UNKNOWN created ass-mat@localhost and get connected to it
10-02-2016 09:44:14 : UNKNOWN executed : create table users ( user_name varchar(255), user_age int)
10-02-2016 09:48:28 : UNKNOWN is connected to ass-mat@localhost
10-02-2016 09:48:28 : UNKNOWN created ass-mat@localhost and get connected to it
10-02-2016 09:48:28 : UNKNOWN executed : create table users ( user_name varchar(255), user_age int)
10-02-2016 09:52:20 : UNKNOWN is connected to ass-mat@localhost
10-02-2016 09:52:20 : UNKNOWN created ass-mat@localhost and get connected to it
10-02-2016 09:52:20 : UNKNOWN executed : create table users ( user_name varchar(255), user_age int)
10-02-2016 09:53:50 : UNKNOWN is connected to ass-mat@localhost
10-02-2016 09:53:50 : UNKNOWN created ass-mat@localhost and get connected to it
10-02-2016 09:53:50 : UNKNOWN executed : create table users ( user_name varchar(255), user_age int)
10-02-2016 09:54:32 : UNKNOWN is connected to ass-mat@localhost
10-02-2016 09:54:32 : UNKNOWN created ass-mat@localhost and get connected to it
10-02-2016 09:54:32 : UNKNOWN executed : create table users ( user_name varchar(255), user_age int)
10-02-2016 10:01:16 : ::1 is connected to ass-mat@localhost